<?xml version="1.0" encoding="UTF-8"?>
<testsuite xmlns:xsi="http://www.w3.org/2001/XMLSchema-instance" xsi:noNamespaceSchemaLocation="https://maven.apache.org/surefire/maven-surefire-plugin/xsd/surefire-test-report-3.0.xsd" version="3.0" name="com.openclassrooms.testing.calculator.CalculatorTest" time="0.674" tests="11" errors="0" skipped="0" failures="0">
  <properties>
[...]
</properties>
  <testcase name="testAddTwoPositiveNumbers" classname="com.openclassrooms.testing.calculator.CalculatorTest" time="0.007">
    <system-out><![CDATA[Appel avant tous les  tests
Appel avant chaque test
Appel aprés chaque test
]]></system-out>
  </testcase>
  <testcase name="add_shouldReturnTheSum_ofMultipleIntegers(int, int, int)[1]" classname="com.openclassrooms.testing.calculator.CalculatorTest" time="0.021">
    <system-out><![CDATA[Appel avant chaque test
Appel aprés chaque test
]]></system-out>
  </testcase>
  <testcase name="add_shouldReturnTheSum_ofMultipleIntegers(int, int, int)[2]" classname="com.openclassrooms.testing.calculator.CalculatorTest" time="0.001">
    <system-out><![CDATA[Appel avant chaque test
Appel aprés chaque test
]]></system-out>
  </testcase>
  <testcase name="add_shouldReturnTheSum_ofMultipleIntegers(int, int, int)[3]" classname="com.openclassrooms.testing.calculator.CalculatorTest" time="0.001">
    <system-out><![CDATA[Appel avant chaque test
Appel aprés chaque test
]]></system-out>
  </testcase>
  <testcase name="multiply_shouldReturnTheProduct_ofTwoIntegers" classname="com.openclassrooms.testing.calculator.CalculatorTest" time="0.001">
    <system-out><![CDATA[Appel avant chaque test
Appel aprés chaque test
]]></system-out>
  </testcase>
  <testcase name="longCalcul_shouldComputeInLessThan1Second" classname="com.openclassrooms.testing.calculator.CalculatorTest" time="0.517">
    <system-out><![CDATA[Appel avant chaque test
Appel aprés chaque test
]]></system-out>
  </testcase>
  <testcase name="multiply_shouldReturnZero_ofZeroWithMultipleIntegers(int)[1]" classname="com.openclassrooms.testing.calculator.CalculatorTest" time="0.002">
    <system-out><![CDATA[Appel avant chaque test
Appel aprés chaque test
]]></system-out>
  </testcase>
  <testcase name="multiply_shouldReturnZero_ofZeroWithMultipleIntegers(int)[2]" classname="com.openclassrooms.testing.calculator.CalculatorTest" time="0.001">
    <system-out><![CDATA[Appel avant chaque test
Appel aprés chaque test
]]></system-out>
  </testcase>
  <testcase name="multiply_shouldReturnZero_ofZeroWithMultipleIntegers(int)[3]" classname="com.openclassrooms.testing.calculator.CalculatorTest" time="0.002">
    <system-out><![CDATA[Appel avant chaque test
Appel aprés chaque test
]]></system-out>
  </testcase>
  <testcase name="multiply_shouldReturnZero_ofZeroWithMultipleIntegers(int)[4]" classname="com.openclassrooms.testing.calculator.CalculatorTest" time="0.001">
    <system-out><![CDATA[Appel avant chaque test
Appel aprés chaque test
]]></system-out>
  </testcase>
  <testcase name="multiply_shouldReturnZero_ofZeroWithMultipleIntegers(int)[5]" classname="com.openclassrooms.testing.calculator.CalculatorTest" time="0.001">
    <system-out><![CDATA[Appel avant chaque test
Appel aprés chaque test
]]></system-out>
  </testcase>
</testsuite>